<?xml version="1.0" encoding="UTF-8"?>
<testsuite xmlns:xsi="http://www.w3.org/2001/XMLSchema-instance" xsi:noNamespaceSchemaLocation="https://maven.apache.org/surefire/maven-surefire-plugin/xsd/surefire-test-report.xsd" name="com.example.mongodb.demo.MongodemoApplicationTests" time="3.016" tests="1" errors="0" skipped="0" failures="0">
  <properties>
    <property name="awt.toolkit" value="sun.awt.X11.XToolkit"/>
    <property name="java.specification.version" value="11"/>
    <property name="sun.cpu.isalist" value=""/>
    <property name="sun.jnu.encoding" value="UTF-8"/>
    <property name="java.class.path" value="/home/cecuser/sivaram/Mongo-Collections/Mongo-Collections-master/target/test-classes:/home/cecuser/sivaram/Mongo-Collections/Mongo-Collections-master/target/classes:/root/.m2/repository/org/springframework/boot/spring-boot-starter-data-mongodb/2.5.0/spring-boot-starter-data-mongodb-2.5.0.jar:/root/.m2/repository/org/springframework/boot/spring-boot-starter/2.5.0/spring-boot-starter-2.5.0.jar:/root/.m2/repository/org/springframework/boot/spring-boot/2.5.0/spring-boot-2.5.0.jar:/root/.m2/repository/org/springframework/boot/spring-boot-autoconfigure/2.5.0/spring-boot-autoconfigure-2.5.0.jar:/root/.m2/repository/org/springframework/boot/spring-boot-starter-logging/2.5.0/spring-boot-starter-logging-2.5.0.jar:/root/.m2/repository/ch/qos/logback/logback-classic/1.2.3/logback-classic-1.2.3.jar:/root/.m2/repository/ch/qos/logback/logback-core/1.2.3/logback-core-1.2.3.jar:/root/.m2/repository/org/apache/logging/log4j/log4j-to-slf4j/2.14.1/log4j-to-slf4j-2.14.1.jar:/root/.m2/repository/org/apache/logging/log4j/log4j-api/2.14.1/log4j-api-2.14.1.jar:/root/.m2/repository/org/slf4j/jul-to-slf4j/1.7.30/jul-to-slf4j-1.7.30.jar:/root/.m2/repository/jakarta/annotation/jakarta.annotation-api/1.3.5/jakarta.annotation-api-1.3.5.jar:/root/.m2/repository/org/yaml/snakeyaml/1.28/snakeyaml-1.28.jar:/root/.m2/repository/org/mongodb/mongodb-driver-sync/4.2.3/mongodb-driver-sync-4.2.3.jar:/root/.m2/repository/org/mongodb/bson/4.2.3/bson-4.2.3.jar:/root/.m2/repository/org/mongodb/mongodb-driver-core/4.2.3/mongodb-driver-core-4.2.3.jar:/root/.m2/repository/org/springframework/data/spring-data-mongodb/3.2.1/spring-data-mongodb-3.2.1.jar:/root/.m2/repository/org/springframework/spring-tx/5.3.7/spring-tx-5.3.7.jar:/root/.m2/repository/org/springframework/spring-context/5.3.7/spring-context-5.3.7.jar:/root/.m2/repository/org/springframework/spring-beans/5.3.7/spring-beans-5.3.7.jar:/root/.m2/repository/org/springframework/spring-expression/5.3.7/spring-expression-5.3.7.jar:/root/.m2/repository/org/springframework/data/spring-data-commons/2.5.1/spring-data-commons-2.5.1.jar:/root/.m2/repository/org/slf4j/slf4j-api/1.7.30/slf4j-api-1.7.30.jar:/root/.m2/repository/org/springframework/boot/spring-boot-starter-web/2.5.0/spring-boot-starter-web-2.5.0.jar:/root/.m2/repository/org/springframework/boot/spring-boot-starter-json/2.5.0/spring-boot-starter-json-2.5.0.jar:/root/.m2/repository/com/fasterxml/jackson/core/jackson-databind/2.12.3/jackson-databind-2.12.3.jar:/root/.m2/repository/com/fasterxml/jackson/core/jackson-annotations/2.12.3/jackson-annotations-2.12.3.jar:/root/.m2/repository/com/fasterxml/jackson/core/jackson-core/2.12.3/jackson-core-2.12.3.jar:/root/.m2/repository/com/fasterxml/jackson/datatype/jackson-datatype-jdk8/2.12.3/jackson-datatype-jdk8-2.12.3.jar:/root/.m2/repository/com/fasterxml/jackson/datatype/jackson-datatype-jsr310/2.12.3/jackson-datatype-jsr310-2.12.3.jar:/root/.m2/repository/com/fasterxml/jackson/module/jackson-module-parameter-names/2.12.3/jackson-module-parameter-names-2.12.3.jar:/root/.m2/repository/org/springframework/boot/spring-boot-starter-tomcat/2.5.0/spring-boot-starter-tomcat-2.5.0.jar:/root/.m2/repository/org/apache/tomcat/embed/tomcat-embed-core/9.0.46/tomcat-embed-core-9.0.46.jar:/root/.m2/repository/org/apache/tomcat/embed/tomcat-embed-el/9.0.46/tomcat-embed-el-9.0.46.jar:/root/.m2/repository/org/apache/tomcat/embed/tomcat-embed-websocket/9.0.46/tomcat-embed-websocket-9.0.46.jar:/root/.m2/repository/org/springframework/spring-web/5.3.7/spring-web-5.3.7.jar:/root/.m2/repository/org/springframework/spring-webmvc/5.3.7/spring-webmvc-5.3.7.jar:/root/.m2/repository/org/springframework/spring-aop/5.3.7/spring-aop-5.3.7.jar:/root/.m2/repository/org/springframework/boot/spring-boot-starter-test/2.5.0/spring-boot-starter-test-2.5.0.jar:/root/.m2/repository/org/springframework/boot/spring-boot-test/2.5.0/spring-boot-test-2.5.0.jar:/root/.m2/repository/org/springframework/boot/spring-boot-test-autoconfigure/2.5.0/spring-boot-test-autoconfigure-2.5.0.jar:/root/.m2/repository/com/jayway/jsonpath/json-path/2.5.0/json-path-2.5.0.jar:/root/.m2/repository/net/minidev/json-smart/2.4.7/json-smart-2.4.7.jar:/root/.m2/repository/net/minidev/accessors-smart/2.4.7/accessors-smart-2.4.7.jar:/root/.m2/repository/org/ow2/asm/asm/9.1/asm-9.1.jar:/root/.m2/repository/jakarta/xml/bind/jakarta.xml.bind-api/2.3.3/jakarta.xml.bind-api-2.3.3.jar:/root/.m2/repository/jakarta/activation/jakarta.activation-api/1.2.2/jakarta.activation-api-1.2.2.jar:/root/.m2/repository/org/assertj/assertj-core/3.19.0/assertj-core-3.19.0.jar:/root/.m2/repository/org/hamcrest/hamcrest/2.2/hamcrest-2.2.jar:/root/.m2/repository/org/junit/jupiter/junit-jupiter/5.7.2/junit-jupiter-5.7.2.jar:/root/.m2/repository/org/junit/jupiter/junit-jupiter-api/5.7.2/junit-jupiter-api-5.7.2.jar:/root/.m2/repository/org/apiguardian/apiguardian-api/1.1.0/apiguardian-api-1.1.0.jar:/root/.m2/repository/org/opentest4j/opentest4j/1.2.0/opentest4j-1.2.0.jar:/root/.m2/repository/org/junit/platform/junit-platform-commons/1.7.2/junit-platform-commons-1.7.2.jar:/root/.m2/repository/org/junit/jupiter/junit-jupiter-params/5.7.2/junit-jupiter-params-5.7.2.jar:/root/.m2/repository/org/junit/jupiter/junit-jupiter-engine/5.7.2/junit-jupiter-engine-5.7.2.jar:/root/.m2/repository/org/junit/platform/junit-platform-engine/1.7.2/junit-platform-engine-1.7.2.jar:/root/.m2/repository/org/mockito/mockito-core/3.9.0/mockito-core-3.9.0.jar:/root/.m2/repository/net/bytebuddy/byte-buddy/1.10.22/byte-buddy-1.10.22.jar:/root/.m2/repository/net/bytebuddy/byte-buddy-agent/1.10.22/byte-buddy-agent-1.10.22.jar:/root/.m2/repository/org/objenesis/objenesis/3.2/objenesis-3.2.jar:/root/.m2/repository/org/mockito/mockito-junit-jupiter/3.9.0/mockito-junit-jupiter-3.9.0.jar:/root/.m2/repository/org/skyscreamer/jsonassert/1.5.0/jsonassert-1.5.0.jar:/root/.m2/repository/com/vaadin/external/google/android-json/0.0.20131108.vaadin1/android-json-0.0.20131108.vaadin1.jar:/root/.m2/repository/org/springframework/spring-core/5.3.7/spring-core-5.3.7.jar:/root/.m2/repository/org/springframework/spring-jcl/5.3.7/spring-jcl-5.3.7.jar:/root/.m2/repository/org/springframework/spring-test/5.3.7/spring-test-5.3.7.jar:/root/.m2/repository/org/xmlunit/xmlunit-core/2.8.2/xmlunit-core-2.8.2.jar:"/>
    <property name="java.vm.vendor" value="Red Hat, Inc."/>
    <property name="sun.arch.data.model" value="64"/>
    <property name="java.vendor.url" value="https://www.redhat.com/"/>
    <property name="user.timezone" value=""/>
    <property name="java.vm.specification.version" value="11"/>
    <property name="os.name" value="Linux"/>
    <property name="sun.java.launcher" value="SUN_STANDARD"/>
    <property name="user.country" value="US"/>
    <property name="sun.boot.library.path" value="/usr/lib/jvm/java-11-openjdk-11.0.11.0.9-0.el8_3.ppc64le/lib"/>
    <property name="sun.java.command" value="/home/cecuser/sivaram/Mongo-Collections/Mongo-Collections-master/target/surefire/surefirebooter1755818048226190539.jar /home/cecuser/sivaram/Mongo-Collections/Mongo-Collections-master/target/surefire 2021-06-11T07-32-59_844-jvmRun1 surefire6661293233059717495tmp surefire_016659179096977168690tmp"/>
    <property name="jdk.debug" value="release"/>
    <property name="surefire.test.class.path" value="/home/cecuser/sivaram/Mongo-Collections/Mongo-Collections-master/target/test-classes:/home/cecuser/sivaram/Mongo-Collections/Mongo-Collections-master/target/classes:/root/.m2/repository/org/springframework/boot/spring-boot-starter-data-mongodb/2.5.0/spring-boot-starter-data-mongodb-2.5.0.jar:/root/.m2/repository/org/springframework/boot/spring-boot-starter/2.5.0/spring-boot-starter-2.5.0.jar:/root/.m2/repository/org/springframework/boot/spring-boot/2.5.0/spring-boot-2.5.0.jar:/root/.m2/repository/org/springframework/boot/spring-boot-autoconfigure/2.5.0/spring-boot-autoconfigure-2.5.0.jar:/root/.m2/repository/org/springframework/boot/spring-boot-starter-logging/2.5.0/spring-boot-starter-logging-2.5.0.jar:/root/.m2/repository/ch/qos/logback/logback-classic/1.2.3/logback-classic-1.2.3.jar:/root/.m2/repository/ch/qos/logback/logback-core/1.2.3/logback-core-1.2.3.jar:/root/.m2/repository/org/apache/logging/log4j/log4j-to-slf4j/2.14.1/log4j-to-slf4j-2.14.1.jar:/root/.m2/repository/org/apache/logging/log4j/log4j-api/2.14.1/log4j-api-2.14.1.jar:/root/.m2/repository/org/slf4j/jul-to-slf4j/1.7.30/jul-to-slf4j-1.7.30.jar:/root/.m2/repository/jakarta/annotation/jakarta.annotation-api/1.3.5/jakarta.annotation-api-1.3.5.jar:/root/.m2/repository/org/yaml/snakeyaml/1.28/snakeyaml-1.28.jar:/root/.m2/repository/org/mongodb/mongodb-driver-sync/4.2.3/mongodb-driver-sync-4.2.3.jar:/root/.m2/repository/org/mongodb/bson/4.2.3/bson-4.2.3.jar:/root/.m2/repository/org/mongodb/mongodb-driver-core/4.2.3/mongodb-driver-core-4.2.3.jar:/root/.m2/repository/org/springframework/data/spring-data-mongodb/3.2.1/spring-data-mongodb-3.2.1.jar:/root/.m2/repository/org/springframework/spring-tx/5.3.7/spring-tx-5.3.7.jar:/root/.m2/repository/org/springframework/spring-context/5.3.7/spring-context-5.3.7.jar:/root/.m2/repository/org/springframework/spring-beans/5.3.7/spring-beans-5.3.7.jar:/root/.m2/repository/org/springframework/spring-expression/5.3.7/spring-expression-5.3.7.jar:/root/.m2/repository/org/springframework/data/spring-data-commons/2.5.1/spring-data-commons-2.5.1.jar:/root/.m2/repository/org/slf4j/slf4j-api/1.7.30/slf4j-api-1.7.30.jar:/root/.m2/repository/org/springframework/boot/spring-boot-starter-web/2.5.0/spring-boot-starter-web-2.5.0.jar:/root/.m2/repository/org/springframework/boot/spring-boot-starter-json/2.5.0/spring-boot-starter-json-2.5.0.jar:/root/.m2/repository/com/fasterxml/jackson/core/jackson-databind/2.12.3/jackson-databind-2.12.3.jar:/root/.m2/repository/com/fasterxml/jackson/core/jackson-annotations/2.12.3/jackson-annotations-2.12.3.jar:/root/.m2/repository/com/fasterxml/jackson/core/jackson-core/2.12.3/jackson-core-2.12.3.jar:/root/.m2/repository/com/fasterxml/jackson/datatype/jackson-datatype-jdk8/2.12.3/jackson-datatype-jdk8-2.12.3.jar:/root/.m2/repository/com/fasterxml/jackson/datatype/jackson-datatype-jsr310/2.12.3/jackson-datatype-jsr310-2.12.3.jar:/root/.m2/repository/com/fasterxml/jackson/module/jackson-module-parameter-names/2.12.3/jackson-module-parameter-names-2.12.3.jar:/root/.m2/repository/org/springframework/boot/spring-boot-starter-tomcat/2.5.0/spring-boot-starter-tomcat-2.5.0.jar:/root/.m2/repository/org/apache/tomcat/embed/tomcat-embed-core/9.0.46/tomcat-embed-core-9.0.46.jar:/root/.m2/repository/org/apache/tomcat/embed/tomcat-embed-el/9.0.46/tomcat-embed-el-9.0.46.jar:/root/.m2/repository/org/apache/tomcat/embed/tomcat-embed-websocket/9.0.46/tomcat-embed-websocket-9.0.46.jar:/root/.m2/repository/org/springframework/spring-web/5.3.7/spring-web-5.3.7.jar:/root/.m2/repository/org/springframework/spring-webmvc/5.3.7/spring-webmvc-5.3.7.jar:/root/.m2/repository/org/springframework/spring-aop/5.3.7/spring-aop-5.3.7.jar:/root/.m2/repository/org/springframework/boot/spring-boot-starter-test/2.5.0/spring-boot-starter-test-2.5.0.jar:/root/.m2/repository/org/springframework/boot/spring-boot-test/2.5.0/spring-boot-test-2.5.0.jar:/root/.m2/repository/org/springframework/boot/spring-boot-test-autoconfigure/2.5.0/spring-boot-test-autoconfigure-2.5.0.jar:/root/.m2/repository/com/jayway/jsonpath/json-path/2.5.0/json-path-2.5.0.jar:/root/.m2/repository/net/minidev/json-smart/2.4.7/json-smart-2.4.7.jar:/root/.m2/repository/net/minidev/accessors-smart/2.4.7/accessors-smart-2.4.7.jar:/root/.m2/repository/org/ow2/asm/asm/9.1/asm-9.1.jar:/root/.m2/repository/jakarta/xml/bind/jakarta.xml.bind-api/2.3.3/jakarta.xml.bind-api-2.3.3.jar:/root/.m2/repository/jakarta/activation/jakarta.activation-api/1.2.2/jakarta.activation-api-1.2.2.jar:/root/.m2/repository/org/assertj/assertj-core/3.19.0/assertj-core-3.19.0.jar:/root/.m2/repository/org/hamcrest/hamcrest/2.2/hamcrest-2.2.jar:/root/.m2/repository/org/junit/jupiter/junit-jupiter/5.7.2/junit-jupiter-5.7.2.jar:/root/.m2/repository/org/junit/jupiter/junit-jupiter-api/5.7.2/junit-jupiter-api-5.7.2.jar:/root/.m2/repository/org/apiguardian/apiguardian-api/1.1.0/apiguardian-api-1.1.0.jar:/root/.m2/repository/org/opentest4j/opentest4j/1.2.0/opentest4j-1.2.0.jar:/root/.m2/repository/org/junit/platform/junit-platform-commons/1.7.2/junit-platform-commons-1.7.2.jar:/root/.m2/repository/org/junit/jupiter/junit-jupiter-params/5.7.2/junit-jupiter-params-5.7.2.jar:/root/.m2/repository/org/junit/jupiter/junit-jupiter-engine/5.7.2/junit-jupiter-engine-5.7.2.jar:/root/.m2/repository/org/junit/platform/junit-platform-engine/1.7.2/junit-platform-engine-1.7.2.jar:/root/.m2/repository/org/mockito/mockito-core/3.9.0/mockito-core-3.9.0.jar:/root/.m2/repository/net/bytebuddy/byte-buddy/1.10.22/byte-buddy-1.10.22.jar:/root/.m2/repository/net/bytebuddy/byte-buddy-agent/1.10.22/byte-buddy-agent-1.10.22.jar:/root/.m2/repository/org/objenesis/objenesis/3.2/objenesis-3.2.jar:/root/.m2/repository/org/mockito/mockito-junit-jupiter/3.9.0/mockito-junit-jupiter-3.9.0.jar:/root/.m2/repository/org/skyscreamer/jsonassert/1.5.0/jsonassert-1.5.0.jar:/root/.m2/repository/com/vaadin/external/google/android-json/0.0.20131108.vaadin1/android-json-0.0.20131108.vaadin1.jar:/root/.m2/repository/org/springframework/spring-core/5.3.7/spring-core-5.3.7.jar:/root/.m2/repository/org/springframework/spring-jcl/5.3.7/spring-jcl-5.3.7.jar:/root/.m2/repository/org/springframework/spring-test/5.3.7/spring-test-5.3.7.jar:/root/.m2/repository/org/xmlunit/xmlunit-core/2.8.2/xmlunit-core-2.8.2.jar:"/>
    <property name="sun.cpu.endian" value="little"/>
    <property name="user.home" value="/root"/>
    <property name="user.language" value="en"/>
    <property name="java.specification.vendor" value="Oracle Corporation"/>
    <property name="java.version.date" value="2021-04-20"/>
    <property name="java.home" value="/usr/lib/jvm/java-11-openjdk-11.0.11.0.9-0.el8_3.ppc64le"/>
    <property name="file.separator" value="/"/>
    <property name="basedir" value="/home/cecuser/sivaram/Mongo-Collections/Mongo-Collections-master"/>
    <property name="java.vm.compressedOopsMode" value="32-bit"/>
    <property name="line.separator" value="&#10;"/>
    <property name="java.specification.name" value="Java Platform API Specification"/>
    <property name="java.vm.specification.vendor" value="Oracle Corporation"/>
    <property name="java.awt.graphicsenv" value="sun.awt.X11GraphicsEnvironment"/>
    <property name="surefire.real.class.path" value="/home/cecuser/sivaram/Mongo-Collections/Mongo-Collections-master/target/surefire/surefirebooter1755818048226190539.jar"/>
    <property name="sun.management.compiler" value="HotSpot 64-Bit Tiered Compilers"/>
    <property name="java.runtime.version" value="11.0.11+9-LTS"/>
    <property name="user.name" value="root"/>
    <property name="path.separator" value=":"/>
    <property name="os.version" value="4.18.0-240.el8.ppc64le"/>
    <property name="java.runtime.name" value="OpenJDK Runtime Environment"/>
    <property name="file.encoding" value="UTF-8"/>
    <property name="java.vm.name" value="OpenJDK 64-Bit Server VM"/>
    <property name="java.vendor.version" value="18.9"/>
    <property name="localRepository" value="/root/.m2/repository"/>
    <property name="java.vendor.url.bug" value="https://bugzilla.redhat.com/enter_bug.cgi?product=Red%20Hat%20Enterprise%20Linux%208&amp;component=java-11-openjdk"/>
    <property name="java.io.tmpdir" value="/tmp"/>
    <property name="java.version" value="11.0.11"/>
    <property name="user.dir" value="/home/cecuser/sivaram/Mongo-Collections/Mongo-Collections-master"/>
    <property name="os.arch" value="ppc64le"/>
    <property name="java.vm.specification.name" value="Java Virtual Machine Specification"/>
    <property name="java.awt.printerjob" value="sun.print.PSPrinterJob"/>
    <property name="sun.os.patch.level" value="unknown"/>
    <property name="java.library.path" value="/usr/java/packages/lib:/usr/lib64:/lib64:/lib:/usr/lib"/>
    <property name="java.vm.info" value="mixed mode, sharing"/>
    <property name="java.vendor" value="Red Hat, Inc."/>
    <property name="java.vm.version" value="11.0.11+9-LTS"/>
    <property name="sun.io.unicode.encoding" value="UnicodeLittle"/>
    <property name="java.class.version" value="55.0"/>
  </properties>
  <testcase name="contextLoads" classname="com.example.mongodb.demo.MongodemoApplicationTests" time="0.31"/>
</testsuite>